Start testing: Aug 22 17:39 PDT
----------------------------------------------------------
5/5 Testing: sim_leak_check_macos
5/5 Test: sim_leak_check_macos
Command: "/Users/wesleywong/Documents/GitHub/FlightSoftwareV1/tests/sim_leak_check_macos.sh" "/Users/wesleywong/Documents/GitHub/FlightSoftwareV1/build-leakcheck/apps/obc/obc_sim" "/Users/wesleywong/Documents/GitHub/FlightSoftwareV1/build-leakcheck/apps/adcs/adcs_sim"
Directory: /Users/wesleywong/Documents/GitHub/FlightSoftwareV1/build-leakcheck/tests
"sim_leak_check_macos" start time: Aug 22 17:39 PDT
Output:
----------------------------------------------------------
sleep(87637) MallocStackLogging: could not tag MSL-related memory as no_footprint, so those pages will be included in process footprint - No such file or directory (2)
sleep(87637) MallocStackLogging: recording malloc (and VM allocation) stacks using lite mode
sleep(87642) MallocStackLogging: could not tag MSL-related memory as no_footprint, so those pages will be included in process footprint - No such file or directory (2)
sleep(87642) MallocStackLogging: recording malloc (and VM allocation) stacks using lite mode
=== obc_sim leaks ===
leaks(87784) MallocStackLogging: could not tag MSL-related memory as no_footprint, so those pages will be included in process footprint - No such file or directory (2)
leaks(87784) MallocStackLogging: recording malloc (and VM allocation) stacks using lite mode
Process 87636 is not debuggable. Due to security restrictions, leaks can only show or save contents of readonly memory of restricted processes.

Process:         obc_sim [87636]
Path:            /Users/USER/Documents/*/obc_sim
Load Address:    0x10441c000
Identifier:      obc_sim
Version:         0
Code Type:       ARM64
Platform:        macOS
Parent Process:  bash [87631]
Target Type:     live task

Date/Time:       2026-08-22 17:39:32.236 -0700
Launch Time:     2026-08-22 17:39:23.714 -0700
OS Version:      macOS 26.5.2 (25F84)
Report Version:  7
Analysis Tool:   /usr/bin/leaks

Physical footprint:         12.1M
Physical footprint (peak):  12.2M
Idle exit:                  untracked
----

leaks Report Version: 4.0, multi-line stacks
Process 87636: 213 nodes malloced for 21 KB
Process 87636: 0 leaks for 0 total leaked bytes.
=== adcs_sim leaks ===
leaks(87786) MallocStackLogging: could not tag MSL-related memory as no_footprint, so those pages will be included in process footprint - No such file or directory (2)
leaks(87786) MallocStackLogging: recording malloc (and VM allocation) stacks using lite mode
Process 87641 is not debuggable. Due to security restrictions, leaks can only show or save contents of readonly memory of restricted processes.

Process:         adcs_sim [87641]
Path:            /Users/USER/Documents/*/adcs_sim
Load Address:    0x104320000
Identifier:      adcs_sim
Version:         0
Code Type:       ARM64
Platform:        macOS
Parent Process:  bash [87631]
Target Type:     live task

Date/Time:       2026-08-22 17:39:33.435 -0700
Launch Time:     2026-08-22 17:39:24.221 -0700
OS Version:      macOS 26.5.2 (25F84)
Report Version:  7
Analysis Tool:   /usr/bin/leaks

Physical footprint:         12.5M
Physical footprint (peak):  12.6M
Idle exit:                  untracked
----

leaks Report Version: 4.0, multi-line stacks
Process 87641: 230 nodes malloced for 23 KB
Process 87641: 0 leaks for 0 total leaked bytes.
grep(87794) MallocStackLogging: could not tag MSL-related memory as no_footprint, so those pages will be included in process footprint - No such file or directory (2)
grep(87794) MallocStackLogging: recording malloc (and VM allocation) stacks using lite mode
grep(87796) MallocStackLogging: could not tag MSL-related memory as no_footprint, so those pages will be included in process footprint - No such file or directory (2)
grep(87796) MallocStackLogging: recording malloc (and VM allocation) stacks using lite mode
<end of output>
Test time =  10.56 sec
----------------------------------------------------------
Test Passed.
"sim_leak_check_macos" end time: Aug 22 17:39 PDT
"sim_leak_check_macos" time elapsed: 00:00:10
----------------------------------------------------------

End testing: Aug 22 17:39 PDT
